mode: atomic
github.com/ianhaycox/vcrlive/main.go:31.13,40.19 7 0
github.com/ianhaycox/vcrlive/main.go:40.19,42.3 1 0
github.com/ianhaycox/vcrlive/main.go:42.8,44.17 2 0
github.com/ianhaycox/vcrlive/main.go:44.17,46.4 1 0
github.com/ianhaycox/vcrlive/main.go:48.3,50.31 2 0
github.com/ianhaycox/vcrlive/main.go:53.2,57.6 3 0
github.com/ianhaycox/vcrlive/main.go:57.6,68.25 4 0
github.com/ianhaycox/vcrlive/main.go:68.25,72.18 3 0
github.com/ianhaycox/vcrlive/main.go:72.18,74.5 1 0
github.com/ianhaycox/vcrlive/main.go:76.4,78.60 3 0
github.com/ianhaycox/vcrlive/main.go:81.3,82.17 2 0
github.com/ianhaycox/vcrlive/main.go:82.17,84.4 1 0
github.com/ianhaycox/vcrlive/main.go:86.3,89.17 3 0
github.com/ianhaycox/vcrlive/main.go:89.17,91.4 1 0
github.com/ianhaycox/vcrlive/main.go:93.3,103.58 4 0
github.com/ianhaycox/vcrlive/main.go:107.33,111.2 2 0
github.com/ianhaycox/vcrlive/main.go:113.14,118.2 3 0
github.com/ianhaycox/vcrlive/irsdk/iryaml/driver.go:53.35,55.2 1 0
github.com/ianhaycox/vcrlive/irsdk/iryaml/driver.go:57.30,59.2 1 0
github.com/ianhaycox/vcrlive/irsdk/iryaml/driver.go:61.36,63.2 1 0
github.com/ianhaycox/vcrlive/irsdk/events/events_linux.go:6.40,8.2 1 0
github.com/ianhaycox/vcrlive/irsdk/events/events_linux.go:10.54,12.2 1 0
github.com/ianhaycox/vcrlive/main.go:31.13,40.19 7 0
github.com/ianhaycox/vcrlive/main.go:40.19,42.3 1 0
github.com/ianhaycox/vcrlive/main.go:42.8,44.17 2 0
github.com/ianhaycox/vcrlive/main.go:44.17,46.4 1 0
github.com/ianhaycox/vcrlive/main.go:48.3,50.31 2 0
github.com/ianhaycox/vcrlive/main.go:53.2,57.6 3 0
github.com/ianhaycox/vcrlive/main.go:57.6,68.25 4 0
github.com/ianhaycox/vcrlive/main.go:68.25,72.18 3 0
github.com/ianhaycox/vcrlive/main.go:72.18,74.5 1 0
github.com/ianhaycox/vcrlive/main.go:76.4,78.60 3 0
github.com/ianhaycox/vcrlive/main.go:81.3,82.17 2 0
github.com/ianhaycox/vcrlive/main.go:82.17,84.4 1 0
github.com/ianhaycox/vcrlive/main.go:86.3,89.17 3 0
github.com/ianhaycox/vcrlive/main.go:89.17,91.4 1 0
github.com/ianhaycox/vcrlive/main.go:93.3,103.58 4 0
github.com/ianhaycox/vcrlive/main.go:107.33,111.2 2 0
github.com/ianhaycox/vcrlive/main.go:113.14,118.2 3 0
github.com/ianhaycox/vcrlive/irsdk/defines_mock.go:30.57,34.2 3 2
github.com/ianhaycox/vcrlive/irsdk/defines_mock.go:37.55,39.2 1 4
github.com/ianhaycox/vcrlive/irsdk/defines_mock.go:42.36,47.2 4 2
github.com/ianhaycox/vcrlive/irsdk/defines_mock.go:50.56,53.2 2 2
github.com/ianhaycox/vcrlive/irsdk/defines_mock.go:56.63,62.2 5 2
github.com/ianhaycox/vcrlive/irsdk/defines_mock.go:65.67,68.2 2 2
github.com/ianhaycox/vcrlive/irsdk/header.go:26.34,30.16 3 2
github.com/ianhaycox/vcrlive/irsdk/header.go:30.16,32.3 1 0
github.com/ianhaycox/vcrlive/irsdk/header.go:34.2,47.10 2 2
github.com/ianhaycox/vcrlive/irsdk/irsdk.go:42.32,43.14 1 2
github.com/ianhaycox/vcrlive/irsdk/irsdk.go:43.14,47.17 3 0
github.com/ianhaycox/vcrlive/irsdk/irsdk.go:47.17,49.4 1 0
github.com/ianhaycox/vcrlive/irsdk/irsdk.go:52.2,55.16 3 2
github.com/ianhaycox/vcrlive/irsdk/irsdk.go:55.16,57.3 1 0
github.com/ianhaycox/vcrlive/irsdk/irsdk.go:59.2,61.12 2 2
github.com/ianhaycox/vcrlive/irsdk/irsdk.go:64.36,65.35 1 0
github.com/ianhaycox/vcrlive/irsdk/irsdk.go:65.35,69.17 3 0
github.com/ianhaycox/vcrlive/irsdk/irsdk.go:69.17,71.4 1 0
github.com/ianhaycox/vcrlive/irsdk/irsdk.go:73.3,73.36 1 0
github.com/ianhaycox/vcrlive/irsdk/irsdk.go:77.59,78.24 1 0
github.com/ianhaycox/vcrlive/irsdk/irsdk.go:78.24,80.3 1 0
github.com/ianhaycox/vcrlive/irsdk/irsdk.go:82.2,82.41 1 0
github.com/ianhaycox/vcrlive/irsdk/irsdk.go:82.41,85.3 2 0
github.com/ianhaycox/vcrlive/irsdk/irsdk.go:87.2,87.14 1 0
github.com/ianhaycox/vcrlive/irsdk/irsdk.go:90.49,91.36 1 0
github.com/ianhaycox/vcrlive/irsdk/irsdk.go:91.36,93.3 1 0
github.com/ianhaycox/vcrlive/irsdk/irsdk.go:95.2,102.42 5 0
github.com/ianhaycox/vcrlive/irsdk/irsdk.go:102.42,105.3 2 0
github.com/ianhaycox/vcrlive/irsdk/irsdk.go:107.2,107.21 1 0
github.com/ianhaycox/vcrlive/irsdk/irsdk.go:110.57,111.36 1 0
github.com/ianhaycox/vcrlive/irsdk/irsdk.go:111.36,113.3 1 0
github.com/ianhaycox/vcrlive/irsdk/irsdk.go:115.2,118.39 3 0
github.com/ianhaycox/vcrlive/irsdk/irsdk.go:118.39,120.3 1 0
github.com/ianhaycox/vcrlive/irsdk/irsdk.go:122.2,122.72 1 0
github.com/ianhaycox/vcrlive/irsdk/irsdk.go:125.65,131.43 2 0
github.com/ianhaycox/vcrlive/irsdk/irsdk.go:131.43,133.3 1 0
github.com/ianhaycox/vcrlive/irsdk/irsdk.go:135.2,135.15 1 0
github.com/ianhaycox/vcrlive/irsdk/irsdk.go:138.66,144.43 2 0
github.com/ianhaycox/vcrlive/irsdk/irsdk.go:144.43,146.3 1 0
github.com/ianhaycox/vcrlive/irsdk/irsdk.go:148.2,148.15 1 0
github.com/ianhaycox/vcrlive/irsdk/irsdk.go:151.49,153.2 1 0
github.com/ianhaycox/vcrlive/irsdk/irsdk.go:155.40,156.36 1 0
github.com/ianhaycox/vcrlive/irsdk/irsdk.go:156.36,158.3 1 0
github.com/ianhaycox/vcrlive/irsdk/irsdk.go:160.2,165.13 4 0
github.com/ianhaycox/vcrlive/irsdk/irsdk.go:168.63,169.36 1 0
github.com/ianhaycox/vcrlive/irsdk/irsdk.go:169.36,171.3 1 0
github.com/ianhaycox/vcrlive/irsdk/irsdk.go:173.2,173.40 1 0
github.com/ianhaycox/vcrlive/irsdk/irsdk.go:176.38,177.18 1 0
github.com/ianhaycox/vcrlive/irsdk/irsdk.go:177.18,178.91 1 0
github.com/ianhaycox/vcrlive/irsdk/irsdk.go:178.91,180.4 1 0
github.com/ianhaycox/vcrlive/irsdk/irsdk.go:183.2,183.14 1 0
github.com/ianhaycox/vcrlive/irsdk/irsdk.go:186.36,188.2 1 0
github.com/ianhaycox/vcrlive/irsdk/irsdk.go:191.27,193.2 1 2
github.com/ianhaycox/vcrlive/irsdk/irsdk.go:195.28,200.22 4 2
github.com/ianhaycox/vcrlive/irsdk/irsdk.go:200.22,202.3 1 0
github.com/ianhaycox/vcrlive/irsdk/irsdk.go:204.2,204.31 1 2
github.com/ianhaycox/vcrlive/irsdk/irsdk.go:204.31,208.17 3 0
github.com/ianhaycox/vcrlive/irsdk/irsdk.go:208.17,210.4 1 0
github.com/ianhaycox/vcrlive/irsdk/irsdk.go:212.3,214.26 3 0
github.com/ianhaycox/vcrlive/irsdk/irsdk.go:218.39,220.2 1 2
github.com/ianhaycox/vcrlive/irsdk/session.go:12.50,18.16 4 0
github.com/ianhaycox/vcrlive/irsdk/session.go:18.16,20.3 1 0
github.com/ianhaycox/vcrlive/irsdk/session.go:22.2,23.16 2 0
github.com/ianhaycox/vcrlive/irsdk/session.go:23.16,25.3 1 0
github.com/ianhaycox/vcrlive/irsdk/session.go:27.2,29.13 2 0
github.com/ianhaycox/vcrlive/irsdk/session.go:33.70,40.26 6 0
github.com/ianhaycox/vcrlive/irsdk/session.go:40.26,41.19 1 0
github.com/ianhaycox/vcrlive/irsdk/session.go:41.19,44.39 2 0
github.com/ianhaycox/vcrlive/irsdk/session.go:44.39,48.23 3 0
github.com/ianhaycox/vcrlive/irsdk/session.go:48.23,52.20 3 0
github.com/ianhaycox/vcrlive/irsdk/session.go:52.20,53.12 1 0
github.com/ianhaycox/vcrlive/irsdk/session.go:56.6,56.19 1 0
github.com/ianhaycox/vcrlive/irsdk/session.go:61.4,61.36 1 0
github.com/ianhaycox/vcrlive/irsdk/session.go:61.36,62.24 1 0
github.com/ianhaycox/vcrlive/irsdk/session.go:62.24,65.24 2 0
github.com/ianhaycox/vcrlive/irsdk/session.go:65.24,68.7 2 0
github.com/ianhaycox/vcrlive/irsdk/session.go:69.11,71.6 1 0
github.com/ianhaycox/vcrlive/irsdk/session.go:72.10,72.71 1 0
github.com/ianhaycox/vcrlive/irsdk/session.go:72.71,73.24 1 0
github.com/ianhaycox/vcrlive/irsdk/session.go:73.24,75.21 2 0
github.com/ianhaycox/vcrlive/irsdk/session.go:75.21,77.7 1 0
github.com/ianhaycox/vcrlive/irsdk/session.go:80.5,80.17 1 0
github.com/ianhaycox/vcrlive/irsdk/session.go:81.10,81.73 1 0
github.com/ianhaycox/vcrlive/irsdk/session.go:81.73,86.5 4 0
github.com/ianhaycox/vcrlive/irsdk/session.go:87.9,92.4 4 0
github.com/ianhaycox/vcrlive/irsdk/session.go:95.2,95.57 1 0
github.com/ianhaycox/vcrlive/irsdk/session.go:98.42,101.25 2 0
github.com/ianhaycox/vcrlive/irsdk/session.go:101.25,102.27 1 0
github.com/ianhaycox/vcrlive/irsdk/session.go:102.27,104.4 1 0
github.com/ianhaycox/vcrlive/irsdk/session.go:104.9,105.9 1 0
github.com/ianhaycox/vcrlive/irsdk/session.go:109.2,109.10 1 0
github.com/ianhaycox/vcrlive/irsdk/utils.go:9.32,11.2 1 20
github.com/ianhaycox/vcrlive/irsdk/utils.go:13.38,16.2 2 0
github.com/ianhaycox/vcrlive/irsdk/utils.go:18.38,21.2 2 0
github.com/ianhaycox/vcrlive/irsdk/utils.go:23.38,25.2 1 0
github.com/ianhaycox/vcrlive/irsdk/variables.go:40.35,43.19 2 0
github.com/ianhaycox/vcrlive/irsdk/variables.go:44.19,45.35 1 0
github.com/ianhaycox/vcrlive/irsdk/variables.go:46.19,47.35 1 0
github.com/ianhaycox/vcrlive/irsdk/variables.go:48.18,49.35 1 0
github.com/ianhaycox/vcrlive/irsdk/variables.go:50.23,51.35 1 0
github.com/ianhaycox/vcrlive/irsdk/variables.go:52.20,53.35 1 0
github.com/ianhaycox/vcrlive/irsdk/variables.go:54.21,55.35 1 0
github.com/ianhaycox/vcrlive/irsdk/variables.go:56.10,57.47 1 0
github.com/ianhaycox/vcrlive/irsdk/variables.go:60.2,60.12 1 0
github.com/ianhaycox/vcrlive/irsdk/variables.go:70.54,75.32 3 0
github.com/ianhaycox/vcrlive/irsdk/variables.go:75.32,79.17 3 0
github.com/ianhaycox/vcrlive/irsdk/variables.go:79.17,81.4 1 0
github.com/ianhaycox/vcrlive/irsdk/variables.go:83.3,89.43 2 0
github.com/ianhaycox/vcrlive/irsdk/variables.go:89.43,92.4 2 0
github.com/ianhaycox/vcrlive/irsdk/variables.go:96.2,96.11 1 0
github.com/ianhaycox/vcrlive/irsdk/variables.go:99.62,102.33 2 0
github.com/ianhaycox/vcrlive/irsdk/variables.go:102.33,106.17 3 0
github.com/ianhaycox/vcrlive/irsdk/variables.go:106.17,108.4 1 0
github.com/ianhaycox/vcrlive/irsdk/variables.go:110.3,123.24 2 0
github.com/ianhaycox/vcrlive/irsdk/variables.go:126.2,126.14 1 0
github.com/ianhaycox/vcrlive/irsdk/variables.go:130.42,133.35 2 0
github.com/ianhaycox/vcrlive/irsdk/variables.go:133.35,138.43 3 0
github.com/ianhaycox/vcrlive/irsdk/variables.go:138.43,143.43 4 0
github.com/ianhaycox/vcrlive/irsdk/variables.go:143.43,146.22 2 0
github.com/ianhaycox/vcrlive/irsdk/variables.go:147.22,150.35 2 0
github.com/ianhaycox/vcrlive/irsdk/variables.go:150.35,154.21 3 0
github.com/ianhaycox/vcrlive/irsdk/variables.go:154.21,156.8 1 0
github.com/ianhaycox/vcrlive/irsdk/variables.go:158.7,158.34 1 0
github.com/ianhaycox/vcrlive/irsdk/variables.go:161.6,162.23 2 0
github.com/ianhaycox/vcrlive/irsdk/variables.go:163.22,166.35 2 0
github.com/ianhaycox/vcrlive/irsdk/variables.go:166.35,170.21 3 0
github.com/ianhaycox/vcrlive/irsdk/variables.go:170.21,172.8 1 0
github.com/ianhaycox/vcrlive/irsdk/variables.go:174.7,174.35 1 0
github.com/ianhaycox/vcrlive/irsdk/variables.go:177.6,178.23 2 0
github.com/ianhaycox/vcrlive/irsdk/variables.go:179.21,182.35 2 0
github.com/ianhaycox/vcrlive/irsdk/variables.go:182.35,186.21 3 0
github.com/ianhaycox/vcrlive/irsdk/variables.go:186.21,188.8 1 0
github.com/ianhaycox/vcrlive/irsdk/variables.go:190.7,190.35 1 0
github.com/ianhaycox/vcrlive/irsdk/variables.go:193.6,194.23 2 0
github.com/ianhaycox/vcrlive/irsdk/variables.go:195.26,198.35 2 0
github.com/ianhaycox/vcrlive/irsdk/variables.go:198.35,202.21 3 0
github.com/ianhaycox/vcrlive/irsdk/variables.go:202.21,204.8 1 0
github.com/ianhaycox/vcrlive/irsdk/variables.go:206.7,206.35 1 0
github.com/ianhaycox/vcrlive/irsdk/variables.go:209.6,210.23 2 0
github.com/ianhaycox/vcrlive/irsdk/variables.go:211.23,214.35 2 0
github.com/ianhaycox/vcrlive/irsdk/variables.go:214.35,218.21 3 0
github.com/ianhaycox/vcrlive/irsdk/variables.go:218.21,220.8 1 0
github.com/ianhaycox/vcrlive/irsdk/variables.go:222.7,222.37 1 0
github.com/ianhaycox/vcrlive/irsdk/variables.go:225.6,226.23 2 0
github.com/ianhaycox/vcrlive/irsdk/variables.go:227.24,230.35 2 0
github.com/ianhaycox/vcrlive/irsdk/variables.go:230.35,234.21 3 0
github.com/ianhaycox/vcrlive/irsdk/variables.go:234.21,236.8 1 0
github.com/ianhaycox/vcrlive/irsdk/variables.go:238.7,238.37 1 0
github.com/ianhaycox/vcrlive/irsdk/variables.go:241.6,242.23 2 0
github.com/ianhaycox/vcrlive/irsdk/variables.go:243.13,244.51 1 0
github.com/ianhaycox/vcrlive/irsdk/variables.go:247.5,248.32 2 0
github.com/ianhaycox/vcrlive/irsdk/variables.go:251.3,251.25 1 0
github.com/ianhaycox/vcrlive/irsdk/variables.go:254.2,254.16 1 0
github.com/ianhaycox/vcrlive/irsdk/events/events_linux.go:6.40,8.2 1 2
github.com/ianhaycox/vcrlive/irsdk/events/events_linux.go:10.54,12.2 1 0
github.com/ianhaycox/vcrlive/irsdk/iryaml/driver.go:53.35,55.2 1 0
github.com/ianhaycox/vcrlive/irsdk/iryaml/driver.go:57.30,59.2 1 0
github.com/ianhaycox/vcrlive/irsdk/iryaml/driver.go:61.36,63.2 1 0
github.com/ianhaycox/vcrlive/model/driver.go:19.50,22.33 2 0
github.com/ianhaycox/vcrlive/model/driver.go:22.33,23.65 1 0
github.com/ianhaycox/vcrlive/model/driver.go:23.65,24.12 1 0
github.com/ianhaycox/vcrlive/model/driver.go:27.3,36.4 1 0
github.com/ianhaycox/vcrlive/model/driver.go:39.2,39.10 1 0
github.com/ianhaycox/vcrlive/model/driver.go:42.48,43.42 1 0
github.com/ianhaycox/vcrlive/model/driver.go:43.42,44.34 1 0
github.com/ianhaycox/vcrlive/model/driver.go:44.34,47.4 2 0
github.com/ianhaycox/vcrlive/model/session.go:23.68,26.26 2 0
github.com/ianhaycox/vcrlive/model/session.go:26.26,27.43 1 0
github.com/ianhaycox/vcrlive/model/session.go:27.43,34.4 1 0
github.com/ianhaycox/vcrlive/model/session.go:37.2,37.16 1 0
github.com/ianhaycox/vcrlive/model/session.go:40.39,41.15 1 0
github.com/ianhaycox/vcrlive/model/session.go:42.15,43.29 1 0
github.com/ianhaycox/vcrlive/model/session.go:44.16,45.32 1 0
github.com/ianhaycox/vcrlive/model/session.go:46.14,47.28 1 0
github.com/ianhaycox/vcrlive/model/session.go:48.18,49.33 1 0
github.com/ianhaycox/vcrlive/model/session.go:50.14,51.28 1 0
github.com/ianhaycox/vcrlive/model/session.go:52.17,53.31 1 0
github.com/ianhaycox/vcrlive/model/session.go:54.16,55.31 1 0
github.com/ianhaycox/vcrlive/model/weekend.go:21.54,36.2 1 0
github.com/ianhaycox/vcrlive/main.go:31.13,40.19 7 0
github.com/ianhaycox/vcrlive/main.go:40.19,42.3 1 0
github.com/ianhaycox/vcrlive/main.go:42.8,44.17 2 0
github.com/ianhaycox/vcrlive/main.go:44.17,46.4 1 0
github.com/ianhaycox/vcrlive/main.go:48.3,50.31 2 0
github.com/ianhaycox/vcrlive/main.go:53.2,57.6 3 0
github.com/ianhaycox/vcrlive/main.go:57.6,68.25 4 0
github.com/ianhaycox/vcrlive/main.go:68.25,72.18 3 0
github.com/ianhaycox/vcrlive/main.go:72.18,74.5 1 0
github.com/ianhaycox/vcrlive/main.go:76.4,78.60 3 0
github.com/ianhaycox/vcrlive/main.go:81.3,82.17 2 0
github.com/ianhaycox/vcrlive/main.go:82.17,84.4 1 0
github.com/ianhaycox/vcrlive/main.go:86.3,89.17 3 0
github.com/ianhaycox/vcrlive/main.go:89.17,91.4 1 0
github.com/ianhaycox/vcrlive/main.go:93.3,103.58 4 0
github.com/ianhaycox/vcrlive/main.go:107.33,111.2 2 0
github.com/ianhaycox/vcrlive/main.go:113.14,118.2 3 0
github.com/ianhaycox/vcrlive/irsdk/defines_mock.go:30.57,34.2 3 0
github.com/ianhaycox/vcrlive/irsdk/defines_mock.go:37.55,39.2 1 0
github.com/ianhaycox/vcrlive/irsdk/defines_mock.go:42.36,47.2 4 0
github.com/ianhaycox/vcrlive/irsdk/defines_mock.go:50.56,53.2 2 0
github.com/ianhaycox/vcrlive/irsdk/defines_mock.go:56.63,62.2 5 0
github.com/ianhaycox/vcrlive/irsdk/defines_mock.go:65.67,68.2 2 0
github.com/ianhaycox/vcrlive/irsdk/header.go:26.34,30.16 3 0
github.com/ianhaycox/vcrlive/irsdk/header.go:30.16,32.3 1 0
github.com/ianhaycox/vcrlive/irsdk/header.go:34.2,47.10 2 0
github.com/ianhaycox/vcrlive/irsdk/irsdk.go:42.32,43.14 1 0
github.com/ianhaycox/vcrlive/irsdk/irsdk.go:43.14,47.17 3 0
github.com/ianhaycox/vcrlive/irsdk/irsdk.go:47.17,49.4 1 0
github.com/ianhaycox/vcrlive/irsdk/irsdk.go:52.2,55.16 3 0
github.com/ianhaycox/vcrlive/irsdk/irsdk.go:55.16,57.3 1 0
github.com/ianhaycox/vcrlive/irsdk/irsdk.go:59.2,61.12 2 0
github.com/ianhaycox/vcrlive/irsdk/irsdk.go:64.36,65.35 1 0
github.com/ianhaycox/vcrlive/irsdk/irsdk.go:65.35,69.17 3 0
github.com/ianhaycox/vcrlive/irsdk/irsdk.go:69.17,71.4 1 0
github.com/ianhaycox/vcrlive/irsdk/irsdk.go:73.3,73.36 1 0
github.com/ianhaycox/vcrlive/irsdk/irsdk.go:77.59,78.24 1 0
github.com/ianhaycox/vcrlive/irsdk/irsdk.go:78.24,80.3 1 0
github.com/ianhaycox/vcrlive/irsdk/irsdk.go:82.2,82.41 1 0
github.com/ianhaycox/vcrlive/irsdk/irsdk.go:82.41,85.3 2 0
github.com/ianhaycox/vcrlive/irsdk/irsdk.go:87.2,87.14 1 0
github.com/ianhaycox/vcrlive/irsdk/irsdk.go:90.49,91.36 1 0
github.com/ianhaycox/vcrlive/irsdk/irsdk.go:91.36,93.3 1 0
github.com/ianhaycox/vcrlive/irsdk/irsdk.go:95.2,102.42 5 0
github.com/ianhaycox/vcrlive/irsdk/irsdk.go:102.42,105.3 2 0
github.com/ianhaycox/vcrlive/irsdk/irsdk.go:107.2,107.21 1 0
github.com/ianhaycox/vcrlive/irsdk/irsdk.go:110.57,111.36 1 0
github.com/ianhaycox/vcrlive/irsdk/irsdk.go:111.36,113.3 1 0
github.com/ianhaycox/vcrlive/irsdk/irsdk.go:115.2,118.39 3 0
github.com/ianhaycox/vcrlive/irsdk/irsdk.go:118.39,120.3 1 0
github.com/ianhaycox/vcrlive/irsdk/irsdk.go:122.2,122.72 1 0
github.com/ianhaycox/vcrlive/irsdk/irsdk.go:125.65,131.43 2 0
github.com/ianhaycox/vcrlive/irsdk/irsdk.go:131.43,133.3 1 0
github.com/ianhaycox/vcrlive/irsdk/irsdk.go:135.2,135.15 1 0
github.com/ianhaycox/vcrlive/irsdk/irsdk.go:138.66,144.43 2 0
github.com/ianhaycox/vcrlive/irsdk/irsdk.go:144.43,146.3 1 0
github.com/ianhaycox/vcrlive/irsdk/irsdk.go:148.2,148.15 1 0
github.com/ianhaycox/vcrlive/irsdk/irsdk.go:151.49,153.2 1 0
github.com/ianhaycox/vcrlive/irsdk/irsdk.go:155.40,156.36 1 0
github.com/ianhaycox/vcrlive/irsdk/irsdk.go:156.36,158.3 1 0
github.com/ianhaycox/vcrlive/irsdk/irsdk.go:160.2,165.13 4 0
github.com/ianhaycox/vcrlive/irsdk/irsdk.go:168.63,169.36 1 0
github.com/ianhaycox/vcrlive/irsdk/irsdk.go:169.36,171.3 1 0
github.com/ianhaycox/vcrlive/irsdk/irsdk.go:173.2,173.40 1 0
github.com/ianhaycox/vcrlive/irsdk/irsdk.go:176.38,177.18 1 0
github.com/ianhaycox/vcrlive/irsdk/irsdk.go:177.18,178.91 1 0
github.com/ianhaycox/vcrlive/irsdk/irsdk.go:178.91,180.4 1 0
github.com/ianhaycox/vcrlive/irsdk/irsdk.go:183.2,183.14 1 0
github.com/ianhaycox/vcrlive/irsdk/irsdk.go:186.36,188.2 1 0
github.com/ianhaycox/vcrlive/irsdk/irsdk.go:191.27,193.2 1 0
github.com/ianhaycox/vcrlive/irsdk/irsdk.go:195.28,200.22 4 0
github.com/ianhaycox/vcrlive/irsdk/irsdk.go:200.22,202.3 1 0
github.com/ianhaycox/vcrlive/irsdk/irsdk.go:204.2,204.31 1 0
github.com/ianhaycox/vcrlive/irsdk/irsdk.go:204.31,208.17 3 0
github.com/ianhaycox/vcrlive/irsdk/irsdk.go:208.17,210.4 1 0
github.com/ianhaycox/vcrlive/irsdk/irsdk.go:212.3,214.26 3 0
github.com/ianhaycox/vcrlive/irsdk/irsdk.go:218.39,220.2 1 0
github.com/ianhaycox/vcrlive/irsdk/session.go:12.50,18.16 4 0
github.com/ianhaycox/vcrlive/irsdk/session.go:18.16,20.3 1 0
github.com/ianhaycox/vcrlive/irsdk/session.go:22.2,23.16 2 0
github.com/ianhaycox/vcrlive/irsdk/session.go:23.16,25.3 1 0
github.com/ianhaycox/vcrlive/irsdk/session.go:27.2,29.13 2 0
github.com/ianhaycox/vcrlive/irsdk/session.go:33.70,40.26 6 0
github.com/ianhaycox/vcrlive/irsdk/session.go:40.26,41.19 1 0
github.com/ianhaycox/vcrlive/irsdk/session.go:41.19,44.39 2 0
github.com/ianhaycox/vcrlive/irsdk/session.go:44.39,48.23 3 0
github.com/ianhaycox/vcrlive/irsdk/session.go:48.23,52.20 3 0
github.com/ianhaycox/vcrlive/irsdk/session.go:52.20,53.12 1 0
github.com/ianhaycox/vcrlive/irsdk/session.go:56.6,56.19 1 0
github.com/ianhaycox/vcrlive/irsdk/session.go:61.4,61.36 1 0
github.com/ianhaycox/vcrlive/irsdk/session.go:61.36,62.24 1 0
github.com/ianhaycox/vcrlive/irsdk/session.go:62.24,65.24 2 0
github.com/ianhaycox/vcrlive/irsdk/session.go:65.24,68.7 2 0
github.com/ianhaycox/vcrlive/irsdk/session.go:69.11,71.6 1 0
github.com/ianhaycox/vcrlive/irsdk/session.go:72.10,72.71 1 0
github.com/ianhaycox/vcrlive/irsdk/session.go:72.71,73.24 1 0
github.com/ianhaycox/vcrlive/irsdk/session.go:73.24,75.21 2 0
github.com/ianhaycox/vcrlive/irsdk/session.go:75.21,77.7 1 0
github.com/ianhaycox/vcrlive/irsdk/session.go:80.5,80.17 1 0
github.com/ianhaycox/vcrlive/irsdk/session.go:81.10,81.73 1 0
github.com/ianhaycox/vcrlive/irsdk/session.go:81.73,86.5 4 0
github.com/ianhaycox/vcrlive/irsdk/session.go:87.9,92.4 4 0
github.com/ianhaycox/vcrlive/irsdk/session.go:95.2,95.57 1 0
github.com/ianhaycox/vcrlive/irsdk/session.go:98.42,101.25 2 0
github.com/ianhaycox/vcrlive/irsdk/session.go:101.25,102.27 1 0
github.com/ianhaycox/vcrlive/irsdk/session.go:102.27,104.4 1 0
github.com/ianhaycox/vcrlive/irsdk/session.go:104.9,105.9 1 0
github.com/ianhaycox/vcrlive/irsdk/session.go:109.2,109.10 1 0
github.com/ianhaycox/vcrlive/irsdk/utils.go:9.32,11.2 1 0
github.com/ianhaycox/vcrlive/irsdk/utils.go:13.38,16.2 2 0
github.com/ianhaycox/vcrlive/irsdk/utils.go:18.38,21.2 2 0
github.com/ianhaycox/vcrlive/irsdk/utils.go:23.38,25.2 1 0
github.com/ianhaycox/vcrlive/irsdk/variables.go:40.35,43.19 2 0
github.com/ianhaycox/vcrlive/irsdk/variables.go:44.19,45.35 1 0
github.com/ianhaycox/vcrlive/irsdk/variables.go:46.19,47.35 1 0
github.com/ianhaycox/vcrlive/irsdk/variables.go:48.18,49.35 1 0
github.com/ianhaycox/vcrlive/irsdk/variables.go:50.23,51.35 1 0
github.com/ianhaycox/vcrlive/irsdk/variables.go:52.20,53.35 1 0
github.com/ianhaycox/vcrlive/irsdk/variables.go:54.21,55.35 1 0
github.com/ianhaycox/vcrlive/irsdk/variables.go:56.10,57.47 1 0
github.com/ianhaycox/vcrlive/irsdk/variables.go:60.2,60.12 1 0
github.com/ianhaycox/vcrlive/irsdk/variables.go:70.54,75.32 3 0
github.com/ianhaycox/vcrlive/irsdk/variables.go:75.32,79.17 3 0
github.com/ianhaycox/vcrlive/irsdk/variables.go:79.17,81.4 1 0
github.com/ianhaycox/vcrlive/irsdk/variables.go:83.3,89.43 2 0
github.com/ianhaycox/vcrlive/irsdk/variables.go:89.43,92.4 2 0
github.com/ianhaycox/vcrlive/irsdk/variables.go:96.2,96.11 1 0
github.com/ianhaycox/vcrlive/irsdk/variables.go:99.62,102.33 2 0
github.com/ianhaycox/vcrlive/irsdk/variables.go:102.33,106.17 3 0
github.com/ianhaycox/vcrlive/irsdk/variables.go:106.17,108.4 1 0
github.com/ianhaycox/vcrlive/irsdk/variables.go:110.3,123.24 2 0
github.com/ianhaycox/vcrlive/irsdk/variables.go:126.2,126.14 1 0
github.com/ianhaycox/vcrlive/irsdk/variables.go:130.42,133.35 2 0
github.com/ianhaycox/vcrlive/irsdk/variables.go:133.35,138.43 3 0
github.com/ianhaycox/vcrlive/irsdk/variables.go:138.43,143.43 4 0
github.com/ianhaycox/vcrlive/irsdk/variables.go:143.43,146.22 2 0
github.com/ianhaycox/vcrlive/irsdk/variables.go:147.22,150.35 2 0
github.com/ianhaycox/vcrlive/irsdk/variables.go:150.35,154.21 3 0
github.com/ianhaycox/vcrlive/irsdk/variables.go:154.21,156.8 1 0
github.com/ianhaycox/vcrlive/irsdk/variables.go:158.7,158.34 1 0
github.com/ianhaycox/vcrlive/irsdk/variables.go:161.6,162.23 2 0
github.com/ianhaycox/vcrlive/irsdk/variables.go:163.22,166.35 2 0
github.com/ianhaycox/vcrlive/irsdk/variables.go:166.35,170.21 3 0
github.com/ianhaycox/vcrlive/irsdk/variables.go:170.21,172.8 1 0
github.com/ianhaycox/vcrlive/irsdk/variables.go:174.7,174.35 1 0
github.com/ianhaycox/vcrlive/irsdk/variables.go:177.6,178.23 2 0
github.com/ianhaycox/vcrlive/irsdk/variables.go:179.21,182.35 2 0
github.com/ianhaycox/vcrlive/irsdk/variables.go:182.35,186.21 3 0
github.com/ianhaycox/vcrlive/irsdk/variables.go:186.21,188.8 1 0
github.com/ianhaycox/vcrlive/irsdk/variables.go:190.7,190.35 1 0
github.com/ianhaycox/vcrlive/irsdk/variables.go:193.6,194.23 2 0
github.com/ianhaycox/vcrlive/irsdk/variables.go:195.26,198.35 2 0
github.com/ianhaycox/vcrlive/irsdk/variables.go:198.35,202.21 3 0
github.com/ianhaycox/vcrlive/irsdk/variables.go:202.21,204.8 1 0
github.com/ianhaycox/vcrlive/irsdk/variables.go:206.7,206.35 1 0
github.com/ianhaycox/vcrlive/irsdk/variables.go:209.6,210.23 2 0
github.com/ianhaycox/vcrlive/irsdk/variables.go:211.23,214.35 2 0
github.com/ianhaycox/vcrlive/irsdk/variables.go:214.35,218.21 3 0
github.com/ianhaycox/vcrlive/irsdk/variables.go:218.21,220.8 1 0
github.com/ianhaycox/vcrlive/irsdk/variables.go:222.7,222.37 1 0
github.com/ianhaycox/vcrlive/irsdk/variables.go:225.6,226.23 2 0
github.com/ianhaycox/vcrlive/irsdk/variables.go:227.24,230.35 2 0
github.com/ianhaycox/vcrlive/irsdk/variables.go:230.35,234.21 3 0
github.com/ianhaycox/vcrlive/irsdk/variables.go:234.21,236.8 1 0
github.com/ianhaycox/vcrlive/irsdk/variables.go:238.7,238.37 1 0
github.com/ianhaycox/vcrlive/irsdk/variables.go:241.6,242.23 2 0
github.com/ianhaycox/vcrlive/irsdk/variables.go:243.13,244.51 1 0
github.com/ianhaycox/vcrlive/irsdk/variables.go:247.5,248.32 2 0
github.com/ianhaycox/vcrlive/irsdk/variables.go:251.3,251.25 1 0
github.com/ianhaycox/vcrlive/irsdk/variables.go:254.2,254.16 1 0
github.com/ianhaycox/vcrlive/irsdk/events/events_linux.go:6.40,8.2 1 0
github.com/ianhaycox/vcrlive/irsdk/events/events_linux.go:10.54,12.2 1 0
github.com/ianhaycox/vcrlive/irsdk/iryaml/driver.go:53.35,55.2 1 12
github.com/ianhaycox/vcrlive/irsdk/iryaml/driver.go:57.30,59.2 1 8
github.com/ianhaycox/vcrlive/irsdk/iryaml/driver.go:61.36,63.2 1 12
github.com/ianhaycox/vcrlive/model/driver.go:19.50,22.33 2 2
github.com/ianhaycox/vcrlive/model/driver.go:22.33,23.65 1 12
github.com/ianhaycox/vcrlive/model/driver.go:23.65,24.12 1 4
github.com/ianhaycox/vcrlive/model/driver.go:27.3,36.4 1 8
github.com/ianhaycox/vcrlive/model/driver.go:39.2,39.10 1 2
github.com/ianhaycox/vcrlive/model/driver.go:42.48,43.42 1 2
github.com/ianhaycox/vcrlive/model/driver.go:43.42,44.34 1 18
github.com/ianhaycox/vcrlive/model/driver.go:44.34,47.4 2 8
github.com/ianhaycox/vcrlive/model/session.go:23.68,26.26 2 0
github.com/ianhaycox/vcrlive/model/session.go:26.26,27.43 1 0
github.com/ianhaycox/vcrlive/model/session.go:27.43,34.4 1 0
github.com/ianhaycox/vcrlive/model/session.go:37.2,37.16 1 0
github.com/ianhaycox/vcrlive/model/session.go:40.39,41.15 1 0
github.com/ianhaycox/vcrlive/model/session.go:42.15,43.29 1 0
github.com/ianhaycox/vcrlive/model/session.go:44.16,45.32 1 0
github.com/ianhaycox/vcrlive/model/session.go:46.14,47.28 1 0
github.com/ianhaycox/vcrlive/model/session.go:48.18,49.33 1 0
github.com/ianhaycox/vcrlive/model/session.go:50.14,51.28 1 0
github.com/ianhaycox/vcrlive/model/session.go:52.17,53.31 1 0
github.com/ianhaycox/vcrlive/model/session.go:54.16,55.31 1 0
github.com/ianhaycox/vcrlive/model/weekend.go:21.54,36.2 1 0
